This file contains any messages produced by compilers while
running configure, to aid debugging if configure makes a mistake.

It was created by gforth configure 0.7.3, which was
generated by GNU Autoconf 2.69.  Invocation command line was

  $ ./configure 

## --------- ##
## Platform. ##
## --------- ##

hostname = project-97aafba4-8095-465a-81a1-a63d0feb01d4
uname -m = x86_64
uname -r = 5.13.0-1033-gcp
uname -s = Linux
uname -v = #40~20.04.1-Ubuntu SMP Tue Jun 14 00:44:12 UTC 2022

/usr/bin/uname -p = x86_64
/bin/uname -X     = unknown

/bin/arch              = x86_64
/usr/bin/arch -k       = unknown
/usr/convex/getsysinfo = unknown
/usr/bin/hostinfo      = unknown
/bin/machine           = unknown
/usr/bin/oslevel       = unknown
/bin/universe          = unknown

PATH: /home/user/bin
PATH: /home/user/.local/bin
PATH: /cocalc/bin
PATH: /cocalc/src/smc-project/bin
PATH: /home/user/bin
PATH: /home/user/.local/bin
PATH: /ext/bin
PATH: /usr/lib/xpra
PATH: /opt/ghc/bin
PATH: /usr/local/sbin
PATH: /usr/local/bin
PATH: /usr/sbin
PATH: /usr/bin
PATH: /sbin
PATH: /bin
PATH: /ext/data/homer/bin
PATH: /ext/data/weblogo
PATH: /usr/lib/postgresql/10/bin


## ----------- ##
## Core tests. ##
## ----------- ##

configure:2747: checking for gcc
configure:2763: found /usr/bin/gcc
configure:2774: result: gcc
configure:3003: checking for C compiler version
configure:3012: gcc --version >&5
gcc (Ubuntu 9.4.0-1ubuntu1~20.04.1) 9.4.0
Copyright (C) 2019 Free Software Foundation, Inc.
This is free software; see the source for copying conditions.  There is NO
warranty; not even for MERCHANTABILITY or FITNESS FOR A PARTICULAR PURPOSE.

configure:3023: $? = 0
configure:3012: gcc -v >&5
Using built-in specs.
COLLECT_GCC=gcc
COLLECT_LTO_WRAPPER=/usr/lib/gcc/x86_64-linux-gnu/9/lto-wrapper
OFFLOAD_TARGET_NAMES=nvptx-none:hsa
OFFLOAD_TARGET_DEFAULT=1
Target: x86_64-linux-gnu
Configured with: ../src/configure -v --with-pkgversion='Ubuntu 9.4.0-1ubuntu1~20.04.1' --with-bugurl=file:///usr/share/doc/gcc-9/README.Bugs --enable-languages=c,ada,c++,go,brig,d,fortran,objc,obj-c++,gm2 --prefix=/usr --with-gcc-major-version-only --program-suffix=-9 --program-prefix=x86_64-linux-gnu- --enable-shared --enable-linker-build-id --libexecdir=/usr/lib --without-included-gettext --enable-threads=posix --libdir=/usr/lib --enable-nls --enable-clocale=gnu --enable-libstdcxx-debug --enable-libstdcxx-time=yes --with-default-libstdcxx-abi=new --enable-gnu-unique-object --disable-vtable-verify --enable-plugin --enable-default-pie --with-system-zlib --with-target-system-zlib=auto --enable-objc-gc=auto --enable-multiarch --disable-werror --with-arch-32=i686 --with-abi=m64 --with-multilib-list=m32,m64,mx32 --enable-multilib --with-tune=generic --enable-offload-targets=nvptx-none=/build/gcc-9-Av3uEd/gcc-9-9.4.0/debian/tmp-nvptx/usr,hsa --without-cuda-driver --enable-checking=release --build=x86_64-linux-gnu --host=x86_64-linux-gnu --target=x86_64-linux-gnu
Thread model: posix
gcc version 9.4.0 (Ubuntu 9.4.0-1ubuntu1~20.04.1) 
configure:3023: $? = 0
configure:3012: gcc -V >&5
gcc: error: unrecognized command line option '-V'
gcc: fatal error: no input files
compilation terminated.
configure:3023: $? = 1
configure:3012: gcc -qversion >&5
gcc: error: unrecognized command line option '-qversion'; did you mean '--version'?
gcc: fatal error: no input files
compilation terminated.
configure:3023: $? = 1
configure:3043: checking whether the C compiler works
configure:3065: gcc -O2   conftest.c  >&5
configure:3069: $? = 0
configure:3117: result: yes
configure:3120: checking for C compiler default output file name
configure:3122: result: a.out
configure:3128: checking for suffix of executables
configure:3135: gcc -o conftest -O2   conftest.c  >&5
configure:3139: $? = 0
configure:3161: result: 
configure:3183: checking whether we are cross compiling
configure:3191: gcc -o conftest -O2   conftest.c  >&5
configure:3195: $? = 0
configure:3202: ./conftest
configure:3206: $? = 0
configure:3194: result: no
configure:3199: checking for suffix of object files
configure:3221: gcc -c -O2  conftest.c >&5
configure:3225: $? = 0
configure:3246: result: o
configure:3250: checking whether we are using the GNU C compiler
configure:3269: gcc -c -O2  conftest.c >&5
configure:3269: $? = 0
configure:3278: result: yes
configure:3287: checking whether gcc accepts -g
configure:3307: gcc -c -g  conftest.c >&5
configure:3307: $? = 0
configure:3348: result: yes
configure:3365: checking for gcc option to accept ISO C89
configure:3428: gcc  -c -O2  conftest.c >&5
configure:3428: $? = 0
configure:3441: result: none needed
configure:3467: checking how to run the C preprocessor
configure:3498: gcc -E  conftest.c
configure:3498: $? = 0
configure:3512: gcc -E  conftest.c
conftest.c:9:10: fatal error: ac_nonexistent.h: No such file or directory
    9 | #include <ac_nonexistent.h>
      |          ^~~~~~~~~~~~~~~~~~
compilation terminated.
configure:3512: $? = 1
configure: failed program was:
| /* confdefs.h */
| #define PACKAGE_NAME "gforth"
| #define PACKAGE_TARNAME "gforth"
| #define PACKAGE_VERSION "0.7.3"
| #define PACKAGE_STRING "gforth 0.7.3"
| #define PACKAGE_BUGREPORT "https://savannah.gnu.org/bugs/?func=addbug&group=gforth"
| #define PACKAGE_URL ""
| /* end confdefs.h.  */
| #include <ac_nonexistent.h>
configure:3537: result: gcc -E
configure:3557: gcc -E  conftest.c
configure:3557: $? = 0
configure:3571: gcc -E  conftest.c
conftest.c:9:10: fatal error: ac_nonexistent.h: No such file or directory
    9 | #include <ac_nonexistent.h>
      |          ^~~~~~~~~~~~~~~~~~
compilation terminated.
configure:3571: $? = 1
configure: failed program was:
| /* confdefs.h */
| #define PACKAGE_NAME "gforth"
| #define PACKAGE_TARNAME "gforth"
| #define PACKAGE_VERSION "0.7.3"
| #define PACKAGE_STRING "gforth 0.7.3"
| #define PACKAGE_BUGREPORT "https://savannah.gnu.org/bugs/?func=addbug&group=gforth"
| #define PACKAGE_URL ""
| /* end confdefs.h.  */
| #include <ac_nonexistent.h>
configure:3600: checking for grep that handles long lines and -e
configure:3658: result: /usr/bin/grep
configure:3663: checking for egrep
configure:3725: result: /usr/bin/grep -E
configure:3730: checking for ANSI C header files
configure:3750: gcc -c -O2  conftest.c >&5
configure:3750: $? = 0
configure:3823: gcc -o conftest -O2   conftest.c  >&5
configure:3823: $? = 0
configure:3823: ./conftest
configure:3823: $? = 0
configure:3834: result: yes
configure:3847: checking for sys/types.h
configure:3847: gcc -c -O2  conftest.c >&5
configure:3847: $? = 0
configure:3847: result: yes
configure:3847: checking for sys/stat.h
configure:3847: gcc -c -O2  conftest.c >&5
configure:3847: $? = 0
configure:3847: result: yes
configure:3847: checking for stdlib.h
configure:3847: gcc -c -O2  conftest.c >&5
configure:3847: $? = 0
configure:3847: result: yes
configure:3847: checking for string.h
configure:3847: gcc -c -O2  conftest.c >&5
configure:3847: $? = 0
configure:3847: result: yes
configure:3847: checking for memory.h
configure:3847: gcc -c -O2  conftest.c >&5
configure:3847: $? = 0
configure:3847: result: yes
configure:3847: checking for strings.h
configure:3847: gcc -c -O2  conftest.c >&5
configure:3847: $? = 0
configure:3847: result: yes
configure:3847: checking for inttypes.h
configure:3847: gcc -c -O2  conftest.c >&5
configure:3847: $? = 0
configure:3847: result: yes
configure:3847: checking for stdint.h
configure:3847: gcc -c -O2  conftest.c >&5
configure:3847: $? = 0
configure:3847: result: yes
configure:3847: checking for unistd.h
configure:3847: gcc -c -O2  conftest.c >&5
configure:3847: $? = 0
configure:3847: result: yes
configure:3860: checking minix/config.h usability
configure:3860: gcc -c -O2  conftest.c >&5
conftest.c:52:10: fatal error: minix/config.h: No such file or directory
   52 | #include <minix/config.h>
      |          ^~~~~~~~~~~~~~~~
compilation terminated.
configure:3860: $? = 1
configure: failed program was:
| /* confdefs.h */
| #define PACKAGE_NAME "gforth"
| #define PACKAGE_TARNAME "gforth"
| #define PACKAGE_VERSION "0.7.3"
| #define PACKAGE_STRING "gforth 0.7.3"
| #define PACKAGE_BUGREPORT "https://savannah.gnu.org/bugs/?func=addbug&group=gforth"
| #define PACKAGE_URL ""
| #define STDC_HEADERS 1
| #define HAVE_SYS_TYPES_H 1
| #define HAVE_SYS_STAT_H 1
| #define HAVE_STDLIB_H 1
| #define HAVE_STRING_H 1
| #define HAVE_MEMORY_H 1
| #define HAVE_STRINGS_H 1
| #define HAVE_INTTYPES_H 1
| #define HAVE_STDINT_H 1
| #define HAVE_UNISTD_H 1
| /* end confdefs.h.  */
| #include <stdio.h>
| #ifdef HAVE_SYS_TYPES_H
| # include <sys/types.h>
| #endif
| #ifdef HAVE_SYS_STAT_H
| # include <sys/stat.h>
| #endif
| #ifdef STDC_HEADERS
| # include <stdlib.h>
| # include <stddef.h>
| #else
| # ifdef HAVE_STDLIB_H
| #  include <stdlib.h>
| # endif
| #endif
| #ifdef HAVE_STRING_H
| # if !defined STDC_HEADERS && defined HAVE_MEMORY_H
| #  include <memory.h>
| # endif
| # include <string.h>
| #endif
| #ifdef HAVE_STRINGS_H
| # include <strings.h>
| #endif
| #ifdef HAVE_INTTYPES_H
| # include <inttypes.h>
| #endif
| #ifdef HAVE_STDINT_H
| # include <stdint.h>
| #endif
| #ifdef HAVE_UNISTD_H
| # include <unistd.h>
| #endif
| #include <minix/config.h>
configure:3860: result: no
configure:3860: checking minix/config.h presence
configure:3860: gcc -E  conftest.c
conftest.c:19:10: fatal error: minix/config.h: No such file or directory
   19 | #include <minix/config.h>
      |          ^~~~~~~~~~~~~~~~
compilation terminated.
configure:3860: $? = 1
configure: failed program was:
| /* confdefs.h */
| #define PACKAGE_NAME "gforth"
| #define PACKAGE_TARNAME "gforth"
| #define PACKAGE_VERSION "0.7.3"
| #define PACKAGE_STRING "gforth 0.7.3"
| #define PACKAGE_BUGREPORT "https://savannah.gnu.org/bugs/?func=addbug&group=gforth"
| #define PACKAGE_URL ""
| #define STDC_HEADERS 1
| #define HAVE_SYS_TYPES_H 1
| #define HAVE_SYS_STAT_H 1
| #define HAVE_STDLIB_H 1
| #define HAVE_STRING_H 1
| #define HAVE_MEMORY_H 1
| #define HAVE_STRINGS_H 1
| #define HAVE_INTTYPES_H 1
| #define HAVE_STDINT_H 1
| #define HAVE_UNISTD_H 1
| /* end confdefs.h.  */
| #include <minix/config.h>
configure:3860: result: no
configure:3860: checking for minix/config.h
configure:3860: result: no
configure:3881: checking whether it is safe to define __EXTENSIONS__
configure:3899: gcc -c -O2  conftest.c >&5
configure:3899: $? = 0
configure:3906: result: yes
configure:3930: checking for special C compiler options needed for large files
configure:3975: result: no
configure:3981: checking for _FILE_OFFSET_BITS value needed for large files
configure:4006: gcc -c -O2  conftest.c >&5
configure:4006: $? = 0
configure:4038: result: no
configure:4175: checking for gcc
configure:4202: result: gcc
configure:4431: checking for C compiler version
configure:4440: gcc --version >&5
gcc (Ubuntu 9.4.0-1ubuntu1~20.04.1) 9.4.0
Copyright (C) 2019 Free Software Foundation, Inc.
This is free software; see the source for copying conditions.  There is NO
warranty; not even for MERCHANTABILITY or FITNESS FOR A PARTICULAR PURPOSE.

configure:4451: $? = 0
configure:4440: gcc -v >&5
Using built-in specs.
COLLECT_GCC=gcc
COLLECT_LTO_WRAPPER=/usr/lib/gcc/x86_64-linux-gnu/9/lto-wrapper
OFFLOAD_TARGET_NAMES=nvptx-none:hsa
OFFLOAD_TARGET_DEFAULT=1
Target: x86_64-linux-gnu
Configured with: ../src/configure -v --with-pkgversion='Ubuntu 9.4.0-1ubuntu1~20.04.1' --with-bugurl=file:///usr/share/doc/gcc-9/README.Bugs --enable-languages=c,ada,c++,go,brig,d,fortran,objc,obj-c++,gm2 --prefix=/usr --with-gcc-major-version-only --program-suffix=-9 --program-prefix=x86_64-linux-gnu- --enable-shared --enable-linker-build-id --libexecdir=/usr/lib --without-included-gettext --enable-threads=posix --libdir=/usr/lib --enable-nls --enable-clocale=gnu --enable-libstdcxx-debug --enable-libstdcxx-time=yes --with-default-libstdcxx-abi=new --enable-gnu-unique-object --disable-vtable-verify --enable-plugin --enable-default-pie --with-system-zlib --with-target-system-zlib=auto --enable-objc-gc=auto --enable-multiarch --disable-werror --with-arch-32=i686 --with-abi=m64 --with-multilib-list=m32,m64,mx32 --enable-multilib --with-tune=generic --enable-offload-targets=nvptx-none=/build/gcc-9-Av3uEd/gcc-9-9.4.0/debian/tmp-nvptx/usr,hsa --without-cuda-driver --enable-checking=release --build=x86_64-linux-gnu --host=x86_64-linux-gnu --target=x86_64-linux-gnu
Thread model: posix
gcc version 9.4.0 (Ubuntu 9.4.0-1ubuntu1~20.04.1) 
configure:4451: $? = 0
configure:4440: gcc -V >&5
gcc: error: unrecognized command line option '-V'
gcc: fatal error: no input files
compilation terminated.
configure:4451: $? = 1
configure:4440: gcc -qversion >&5
gcc: error: unrecognized command line option '-qversion'; did you mean '--version'?
gcc: fatal error: no input files
compilation terminated.
configure:4451: $? = 1
configure:4455: checking whether we are using the GNU C compiler
configure:4483: result: yes
configure:4492: checking whether gcc accepts -g
configure:4553: result: yes
configure:4570: checking for gcc option to accept ISO C89
configure:4646: result: none needed
configure:4669: checking whether to use two dispatches per conditional branch
configure:4677: result: 1
configure:4696: checking make type
configure:4701: result: GNU Make
configure:4705: checking whether the linker accepts -export-dynamic
configure:4716: gcc -o conftest -O2   -export-dynamic conftest.c  >&5
conftest.c:24:1: warning: return type defaults to 'int' [-Wimplicit-int]
   24 | main(){exit(0);}
      | ^~~~
conftest.c: In function 'main':
conftest.c:24:8: warning: implicit declaration of function 'exit' [-Wimplicit-function-declaration]
   24 | main(){exit(0);}
      |        ^~~~
conftest.c:24:8: warning: incompatible implicit declaration of built-in function 'exit'
conftest.c:1:1: note: include '<stdlib.h>' or provide a declaration of 'exit'
  +++ |+#include <stdlib.h>
    1 | /* confdefs.h */
configure:4716: $? = 0
configure:4716: ./conftest
configure:4716: $? = 0
configure:4726: result: yes
configure:4764: checking build system type
configure:4778: result: x86_64-unknown-linux-gnu
configure:4798: checking host system type
configure:4811: result: x86_64-unknown-linux-gnu
configure:5074: checking size of char *
configure:5079: gcc -o conftest -O2   -export-dynamic conftest.c  >&5
configure:5079: $? = 0
configure:5079: ./conftest
configure:5079: $? = 0
configure:5093: result: 8
configure:5119: checking size of void *
configure:5124: gcc -o conftest -O2   -export-dynamic conftest.c  >&5
configure:5124: $? = 0
configure:5124: ./conftest
configure:5124: $? = 0
configure:5138: result: 8
configure:5164: checking size of char
configure:5169: gcc -o conftest -O2   -export-dynamic conftest.c  >&5
configure:5169: $? = 0
configure:5169: ./conftest
configure:5169: $? = 0
configure:5183: result: 1
configure:5197: checking size of short
configure:5202: gcc -o conftest -O2   -export-dynamic conftest.c  >&5
configure:5202: $? = 0
configure:5202: ./conftest
configure:5202: $? = 0
configure:5216: result: 2
configure:5230: checking size of int
configure:5235: gcc -o conftest -O2   -export-dynamic conftest.c  >&5
configure:5235: $? = 0
configure:5235: ./conftest
configure:5235: $? = 0
configure:5249: result: 4
configure:5263: checking size of long
configure:5268: gcc -o conftest -O2   -export-dynamic conftest.c  >&5
configure:5268: $? = 0
configure:5268: ./conftest
configure:5268: $? = 0
configure:5282: result: 8
configure:5296: checking size of long long
configure:5301: gcc -o conftest -O2   -export-dynamic conftest.c  >&5
configure:5301: $? = 0
configure:5301: ./conftest
configure:5301: $? = 0
configure:5315: result: 8
configure:5329: checking size of intptr_t
configure:5334: gcc -o conftest -O2   -export-dynamic conftest.c  >&5
configure:5334: $? = 0
configure:5334: ./conftest
configure:5334: $? = 0
configure:5348: result: 8
configure:5362: checking size of int128_t
configure:5367: gcc -o conftest -O2   -export-dynamic conftest.c  >&5
conftest.c: In function 'longval':
conftest.c:67:57: error: 'int128_t' undeclared (first use in this function); did you mean 'int32_t'?
   67 | static long int longval () { return (long int) (sizeof (int128_t)); }
      |                                                         ^~~~~~~~
      |                                                         int32_t
conftest.c:67:57: note: each undeclared identifier is reported only once for each function it appears in
conftest.c: In function 'ulongval':
conftest.c:68:67: error: 'int128_t' undeclared (first use in this function); did you mean 'int32_t'?
   68 | static unsigned long int ulongval () { return (long int) (sizeof (int128_t)); }
      |                                                                   ^~~~~~~~
      |                                                                   int32_t
conftest.c: In function 'main':
conftest.c:78:28: error: 'int128_t' undeclared (first use in this function); did you mean 'int32_t'?
   78 |   if (((long int) (sizeof (int128_t))) < 0)
      |                            ^~~~~~~~
      |                            int32_t
configure:5367: $? = 1
configure: program exited with status 1
configure: failed program was:
| /* confdefs.h */
| #define PACKAGE_NAME "gforth"
| #define PACKAGE_TARNAME "gforth"
| #define PACKAGE_VERSION "0.7.3"
| #define PACKAGE_STRING "gforth 0.7.3"
| #define PACKAGE_BUGREPORT "https://savannah.gnu.org/bugs/?func=addbug&group=gforth"
| #define PACKAGE_URL ""
| #define STDC_HEADERS 1
| #define HAVE_SYS_TYPES_H 1
| #define HAVE_SYS_STAT_H 1
| #define HAVE_STDLIB_H 1
| #define HAVE_STRING_H 1
| #define HAVE_MEMORY_H 1
| #define HAVE_STRINGS_H 1
| #define HAVE_INTTYPES_H 1
| #define HAVE_STDINT_H 1
| #define HAVE_UNISTD_H 1
| #define __EXTENSIONS__ 1
| #define _ALL_SOURCE 1
| #define _GNU_SOURCE 1
| #define _POSIX_PTHREAD_SEMANTICS 1
| #define _TANDEM_SOURCE 1
| #define STACK_CACHE_REGS 1
| #define STACK_CACHE_DEFAULT_FAST 1
| #define SIZEOF_CHAR_P 8
| #define SIZEOF_VOID_P 8
| #define SIZEOF_CHAR 1
| #define SIZEOF_SHORT 2
| #define SIZEOF_INT 4
| #define SIZEOF_LONG 8
| #define SIZEOF_LONG_LONG 8
| #define SIZEOF_INTPTR_T 8
| /* end confdefs.h.  */
| #include <stdio.h>
| #ifdef HAVE_SYS_TYPES_H
| # include <sys/types.h>
| #endif
| #ifdef HAVE_SYS_STAT_H
| # include <sys/stat.h>
| #endif
| #ifdef STDC_HEADERS
| # include <stdlib.h>
| # include <stddef.h>
| #else
| # ifdef HAVE_STDLIB_H
| #  include <stdlib.h>
| # endif
| #endif
| #ifdef HAVE_STRING_H
| # if !defined STDC_HEADERS && defined HAVE_MEMORY_H
| #  include <memory.h>
| # endif
| # include <string.h>
| #endif
| #ifdef HAVE_STRINGS_H
| # include <strings.h>
| #endif
| #ifdef HAVE_INTTYPES_H
| # include <inttypes.h>
| #endif
| #ifdef HAVE_STDINT_H
| # include <stdint.h>
| #endif
| #ifdef HAVE_UNISTD_H
| # include <unistd.h>
| #endif
| static long int longval () { return (long int) (sizeof (int128_t)); }
| static unsigned long int ulongval () { return (long int) (sizeof (int128_t)); }
| #include <stdio.h>
| #include <stdlib.h>
| int
| main ()
| {
| 
|   FILE *f = fopen ("conftest.val", "w");
|   if (! f)
|     return 1;
|   if (((long int) (sizeof (int128_t))) < 0)
|     {
|       long int i = longval ();
|       if (i != ((long int) (sizeof (int128_t))))
| 	return 1;
|       fprintf (f, "%ld", i);
|     }
|   else
|     {
|       unsigned long int i = ulongval ();
|       if (i != ((long int) (sizeof (int128_t))))
| 	return 1;
|       fprintf (f, "%lu", i);
|     }
|   /* Do not output a trailing newline, as this causes \r\n confusion
|      on some platforms.  */
|   return ferror (f) || fclose (f) != 0;
| 
|   ;
|   return 0;
| }
configure:5381: result: 0
configure:5395: checking size of uint128_t
configure:5400: gcc -o conftest -O2   -export-dynamic conftest.c  >&5
conftest.c: In function 'longval':
conftest.c:68:57: error: 'uint128_t' undeclared (first use in this function); did you mean 'uint32_t'?
   68 | static long int longval () { return (long int) (sizeof (uint128_t)); }
      |                                                         ^~~~~~~~~
      |                                                         uint32_t
conftest.c:68:57: note: each undeclared identifier is reported only once for each function it appears in
conftest.c: In function 'ulongval':
conftest.c:69:67: error: 'uint128_t' undeclared (first use in this function); did you mean 'uint32_t'?
   69 | static unsigned long int ulongval () { return (long int) (sizeof (uint128_t)); }
      |                                                                   ^~~~~~~~~
      |                                                                   uint32_t
conftest.c: In function 'main':
conftest.c:79:28: error: 'uint128_t' undeclared (first use in this function); did you mean 'uint32_t'?
   79 |   if (((long int) (sizeof (uint128_t))) < 0)
      |                            ^~~~~~~~~
      |                            uint32_t
configure:5400: $? = 1
configure: program exited with status 1
configure: failed program was:
| /* confdefs.h */
| #define PACKAGE_NAME "gforth"
| #define PACKAGE_TARNAME "gforth"
| #define PACKAGE_VERSION "0.7.3"
| #define PACKAGE_STRING "gforth 0.7.3"
| #define PACKAGE_BUGREPORT "https://savannah.gnu.org/bugs/?func=addbug&group=gforth"
| #define PACKAGE_URL ""
| #define STDC_HEADERS 1
| #define HAVE_SYS_TYPES_H 1
| #define HAVE_SYS_STAT_H 1
| #define HAVE_STDLIB_H 1
| #define HAVE_STRING_H 1
| #define HAVE_MEMORY_H 1
| #define HAVE_STRINGS_H 1
| #define HAVE_INTTYPES_H 1
| #define HAVE_STDINT_H 1
| #define HAVE_UNISTD_H 1
| #define __EXTENSIONS__ 1
| #define _ALL_SOURCE 1
| #define _GNU_SOURCE 1
| #define _POSIX_PTHREAD_SEMANTICS 1
| #define _TANDEM_SOURCE 1
| #define STACK_CACHE_REGS 1
| #define STACK_CACHE_DEFAULT_FAST 1
| #define SIZEOF_CHAR_P 8
| #define SIZEOF_VOID_P 8
| #define SIZEOF_CHAR 1
| #define SIZEOF_SHORT 2
| #define SIZEOF_INT 4
| #define SIZEOF_LONG 8
| #define SIZEOF_LONG_LONG 8
| #define SIZEOF_INTPTR_T 8
| #define SIZEOF_INT128_T 0
| /* end confdefs.h.  */
| #include <stdio.h>
| #ifdef HAVE_SYS_TYPES_H
| # include <sys/types.h>
| #endif
| #ifdef HAVE_SYS_STAT_H
| # include <sys/stat.h>
| #endif
| #ifdef STDC_HEADERS
| # include <stdlib.h>
| # include <stddef.h>
| #else
| # ifdef HAVE_STDLIB_H
| #  include <stdlib.h>
| # endif
| #endif
| #ifdef HAVE_STRING_H
| # if !defined STDC_HEADERS && defined HAVE_MEMORY_H
| #  include <memory.h>
| # endif
| # include <string.h>
| #endif
| #ifdef HAVE_STRINGS_H
| # include <strings.h>
| #endif
| #ifdef HAVE_INTTYPES_H
| # include <inttypes.h>
| #endif
| #ifdef HAVE_STDINT_H
| # include <stdint.h>
| #endif
| #ifdef HAVE_UNISTD_H
| # include <unistd.h>
| #endif
| static long int longval () { return (long int) (sizeof (uint128_t)); }
| static unsigned long int ulongval () { return (long int) (sizeof (uint128_t)); }
| #include <stdio.h>
| #include <stdlib.h>
| int
| main ()
| {
| 
|   FILE *f = fopen ("conftest.val", "w");
|   if (! f)
|     return 1;
|   if (((long int) (sizeof (uint128_t))) < 0)
|     {
|       long int i = longval ();
|       if (i != ((long int) (sizeof (uint128_t))))
| 	return 1;
|       fprintf (f, "%ld", i);
|     }
|   else
|     {
|       unsigned long int i = ulongval ();
|       if (i != ((long int) (sizeof (uint128_t))))
| 	return 1;
|       fprintf (f, "%lu", i);
|     }
|   /* Do not output a trailing newline, as this causes \r\n confusion
|      on some platforms.  */
|   return ferror (f) || fclose (f) != 0;
| 
|   ;
|   return 0;
| }
configure:5414: result: 0
configure:5425: checking for a C type for cells
configure:5448: result: long
configure:5456: checking for a C type for wydes
configure:5479: result: short
configure:5487: checking for a C type for tetrabytes
configure:5510: result: int
configure:5518: checking for a C type for double-cells
configure:5541: result: none
configure:5544: checking for a C type for unsigned double-cells
configure:5567: result: none
configure:5605: checking for off_t
configure:5605: gcc -c -O2  conftest.c >&5
configure:5605: $? = 0
configure:5605: gcc -c -O2  conftest.c >&5
conftest.c: In function 'main':
conftest.c:75:20: error: expected expression before ')' token
   75 | if (sizeof ((off_t)))
      |                    ^
configure:5605: $? = 1
configure: failed program was:
| /* confdefs.h */
| #define PACKAGE_NAME "gforth"
| #define PACKAGE_TARNAME "gforth"
| #define PACKAGE_VERSION "0.7.3"
| #define PACKAGE_STRING "gforth 0.7.3"
| #define PACKAGE_BUGREPORT "https://savannah.gnu.org/bugs/?func=addbug&group=gforth"
| #define PACKAGE_URL ""
| #define STDC_HEADERS 1
| #define HAVE_SYS_TYPES_H 1
| #define HAVE_SYS_STAT_H 1
| #define HAVE_STDLIB_H 1
| #define HAVE_STRING_H 1
| #define HAVE_MEMORY_H 1
| #define HAVE_STRINGS_H 1
| #define HAVE_INTTYPES_H 1
| #define HAVE_STDINT_H 1
| #define HAVE_UNISTD_H 1
| #define __EXTENSIONS__ 1
| #define _ALL_SOURCE 1
| #define _GNU_SOURCE 1
| #define _POSIX_PTHREAD_SEMANTICS 1
| #define _TANDEM_SOURCE 1
| #define STACK_CACHE_REGS 1
| #define STACK_CACHE_DEFAULT_FAST 1
| #define SIZEOF_CHAR_P 8
| #define SIZEOF_VOID_P 8
| #define SIZEOF_CHAR 1
| #define SIZEOF_SHORT 2
| #define SIZEOF_INT 4
| #define SIZEOF_LONG 8
| #define SIZEOF_LONG_LONG 8
| #define SIZEOF_INTPTR_T 8
| #define SIZEOF_INT128_T 0
| #define SIZEOF_UINT128_T 0
| #define CELL_TYPE long
| #define WYDE_TYPE short
| #define TETRABYTE_TYPE int
| /* end confdefs.h.  */
| #include <stdio.h>
| #ifdef HAVE_SYS_TYPES_H
| # include <sys/types.h>
| #endif
| #ifdef HAVE_SYS_STAT_H
| # include <sys/stat.h>
| #endif
| #ifdef STDC_HEADERS
| # include <stdlib.h>
| # include <stddef.h>
| #else
| # ifdef HAVE_STDLIB_H
| #  include <stdlib.h>
| # endif
| #endif
| #ifdef HAVE_STRING_H
| # if !defined STDC_HEADERS && defined HAVE_MEMORY_H
| #  include <memory.h>
| # endif
| # include <string.h>
| #endif
| #ifdef HAVE_STRINGS_H
| # include <strings.h>
| #endif
| #ifdef HAVE_INTTYPES_H
| # include <inttypes.h>
| #endif
| #ifdef HAVE_STDINT_H
| # include <stdint.h>
| #endif
| #ifdef HAVE_UNISTD_H
| # include <unistd.h>
| #endif
| int
| main ()
| {
| if (sizeof ((off_t)))
| 	    return 0;
|   ;
|   return 0;
| }
configure:5605: result: yes
configure:5620: checking size of off_t
configure:5625: gcc -o conftest -O2   -export-dynamic conftest.c  >&5
configure:5625: $? = 0
configure:5625: ./conftest
configure:5625: $? = 0
configure:5639: result: 8
configure:5662: checking if gcc understands -fno-gcse
configure:5677: gcc -c -O2 -fno-gcse  conftest.c >&5
configure:5677: $? = 0
configure:5684: result: yes
configure:5688: checking if gcc understands -fno-strict-aliasing
configure:5703: gcc -c -O2 -fno-strict-aliasing  conftest.c >&5
configure:5703: $? = 0
configure:5710: result: yes
configure:5714: checking if gcc understands -fno-crossjumping
configure:5729: gcc -c -O2 -fno-crossjumping  conftest.c >&5
configure:5729: $? = 0
configure:5736: result: yes
configure:5740: checking if gcc understands -fno-reorder-blocks
configure:5755: gcc -c -O2 -fno-reorder-blocks  conftest.c >&5
configure:5755: $? = 0
configure:5762: result: yes
configure:5766: checking if gcc understands -falign-labels=1
configure:5781: gcc -c -O2 -falign-labels=1  conftest.c >&5
configure:5781: $? = 0
configure:5788: result: yes
configure:5792: checking if gcc understands -falign-loops=1
configure:5807: gcc -c -O2 -falign-loops=1  conftest.c >&5
configure:5807: $? = 0
configure:5814: result: yes
configure:5818: checking if gcc understands -falign-jumps=1
configure:5833: gcc -c -O2 -falign-jumps=1  conftest.c >&5
configure:5833: $? = 0
configure:5840: result: yes
configure:5844: checking how to suppress 'unused variable' warnings
configure:5857: gcc -c -O2  conftest.c >&5
configure:5857: $? = 0
configure:5866: result: __attribute__((unused))
configure:5870: checking how to invoke m4
configure:5878: result: m4 -s
configure:5882: checking for gforth
configure:5896: result: echo "You need to configure with a gforth in \$PATH to build this part" && false
configure:5902: checking for ./arch/amd64/asm.fs
configure:5916: result: yes
configure:5925: checking for ./arch/amd64/disasm.fs
configure:5939: result: yes
configure:5949: checking for install-info
configure:5968: found /usr/bin/install-info
configure:5981: result: /usr/bin/install-info
configure:6062: checking for chcon
configure:6078: found /usr/bin/chcon
configure:6090: result: chcon -t unconfined_execmem_exec_t
configure:6123: checking whether byte ordering is bigendian
configure:6138: gcc -c -O2  conftest.c >&5
conftest.c:47:9: error: unknown type name 'not'
   47 |         not a universal capable compiler
      |         ^~~
conftest.c:47:15: error: expected '=', ',', ';', 'asm' or '__attribute__' before 'universal'
   47 |         not a universal capable compiler
      |               ^~~~~~~~~
conftest.c:47:15: error: unknown type name 'universal'
configure:6138: $? = 1
configure: failed program was:
| /* confdefs.h */
| #define PACKAGE_NAME "gforth"
| #define PACKAGE_TARNAME "gforth"
| #define PACKAGE_VERSION "0.7.3"
| #define PACKAGE_STRING "gforth 0.7.3"
| #define PACKAGE_BUGREPORT "https://savannah.gnu.org/bugs/?func=addbug&group=gforth"
| #define PACKAGE_URL ""
| #define STDC_HEADERS 1
| #define HAVE_SYS_TYPES_H 1
| #define HAVE_SYS_STAT_H 1
| #define HAVE_STDLIB_H 1
| #define HAVE_STRING_H 1
| #define HAVE_MEMORY_H 1
| #define HAVE_STRINGS_H 1
| #define HAVE_INTTYPES_H 1
| #define HAVE_STDINT_H 1
| #define HAVE_UNISTD_H 1
| #define __EXTENSIONS__ 1
| #define _ALL_SOURCE 1
| #define _GNU_SOURCE 1
| #define _POSIX_PTHREAD_SEMANTICS 1
| #define _TANDEM_SOURCE 1
| #define STACK_CACHE_REGS 1
| #define STACK_CACHE_DEFAULT_FAST 1
| #define SIZEOF_CHAR_P 8
| #define SIZEOF_VOID_P 8
| #define SIZEOF_CHAR 1
| #define SIZEOF_SHORT 2
| #define SIZEOF_INT 4
| #define SIZEOF_LONG 8
| #define SIZEOF_LONG_LONG 8
| #define SIZEOF_INTPTR_T 8
| #define SIZEOF_INT128_T 0
| #define SIZEOF_UINT128_T 0
| #define CELL_TYPE long
| #define WYDE_TYPE short
| #define TETRABYTE_TYPE int
| #define SIZEOF_OFF_T 8
| #define SMALL_OFF_T 1
| #define MAYBE_UNUSED __attribute__((unused))
| #define DIRSEP '/'
| #define PATHSEP ':'
| #define DEFAULTSYSTEMPREFIX ""
| #define LTDL_LIBRARY_PATH "/lib/x86_64-linux-gnu:/usr/lib/x86_64-linux-gnu/libfakeroot"
| /* end confdefs.h.  */
| #ifndef __APPLE_CC__
| 	       not a universal capable compiler
| 	     #endif
| 	     typedef int dummy;
| 
configure:6183: gcc -c -O2  conftest.c >&5
configure:6183: $? = 0
configure:6201: gcc -c -O2  conftest.c >&5
conftest.c: In function 'main':
conftest.c:53:4: error: unknown type name 'not'; did you mean 'ino_t'?
   53 |    not big endian
      |    ^~~
      |    ino_t
conftest.c:53:12: error: expected '=', ',', ';', 'asm' or '__attribute__' before 'endian'
   53 |    not big endian
      |            ^~~~~~
configure:6201: $? = 1
configure: failed program was:
| /* confdefs.h */
| #define PACKAGE_NAME "gforth"
| #define PACKAGE_TARNAME "gforth"
| #define PACKAGE_VERSION "0.7.3"
| #define PACKAGE_STRING "gforth 0.7.3"
| #define PACKAGE_BUGREPORT "https://savannah.gnu.org/bugs/?func=addbug&group=gforth"
| #define PACKAGE_URL ""
| #define STDC_HEADERS 1
| #define HAVE_SYS_TYPES_H 1
| #define HAVE_SYS_STAT_H 1
| #define HAVE_STDLIB_H 1
| #define HAVE_STRING_H 1
| #define HAVE_MEMORY_H 1
| #define HAVE_STRINGS_H 1
| #define HAVE_INTTYPES_H 1
| #define HAVE_STDINT_H 1
| #define HAVE_UNISTD_H 1
| #define __EXTENSIONS__ 1
| #define _ALL_SOURCE 1
| #define _GNU_SOURCE 1
| #define _POSIX_PTHREAD_SEMANTICS 1
| #define _TANDEM_SOURCE 1
| #define STACK_CACHE_REGS 1
| #define STACK_CACHE_DEFAULT_FAST 1
| #define SIZEOF_CHAR_P 8
| #define SIZEOF_VOID_P 8
| #define SIZEOF_CHAR 1
| #define SIZEOF_SHORT 2
| #define SIZEOF_INT 4
| #define SIZEOF_LONG 8
| #define SIZEOF_LONG_LONG 8
| #define SIZEOF_INTPTR_T 8
| #define SIZEOF_INT128_T 0
| #define SIZEOF_UINT128_T 0
| #define CELL_TYPE long
| #define WYDE_TYPE short
| #define TETRABYTE_TYPE int
| #define SIZEOF_OFF_T 8
| #define SMALL_OFF_T 1
| #define MAYBE_UNUSED __attribute__((unused))
| #define DIRSEP '/'
| #define PATHSEP ':'
| #define DEFAULTSYSTEMPREFIX ""
| #define LTDL_LIBRARY_PATH "/lib/x86_64-linux-gnu:/usr/lib/x86_64-linux-gnu/libfakeroot"
| /* end confdefs.h.  */
| #include <sys/types.h>
| 		#include <sys/param.h>
| 
| int
| main ()
| {
| #if BYTE_ORDER != BIG_ENDIAN
| 		 not big endian
| 		#endif
| 
|   ;
|   return 0;
| }
configure:6329: result: no
configure:6359: checking if and how we can waste code space
configure:6396: gcc -o conftest -O2  -fno-gcse -fno-strict-aliasing -fno-crossjumping -fno-reorder-blocks -falign-labels=1 -falign-loops=1 -falign-jumps=1   -export-dynamic conftest.c  >&5
conftest.c:47:1: warning: return type defaults to 'int' [-Wimplicit-int]
   47 | main()
      | ^~~~
conftest.c: In function 'main':
conftest.c:49:3: warning: implicit declaration of function 'exit' [-Wimplicit-function-declaration]
   49 |   exit(foo(0,0,0)!=16);
      |   ^~~~
conftest.c:49:3: warning: incompatible implicit declaration of built-in function 'exit'
conftest.c:1:1: note: include '<stdlib.h>' or provide a declaration of 'exit'
  +++ |+#include <stdlib.h>
    1 | /* confdefs.h */
configure:6396: $? = 0
configure:6396: ./conftest
configure:6396: $? = 1
configure: program exited with status 1
configure: failed program was:
| /* confdefs.h */
| #define PACKAGE_NAME "gforth"
| #define PACKAGE_TARNAME "gforth"
| #define PACKAGE_VERSION "0.7.3"
| #define PACKAGE_STRING "gforth 0.7.3"
| #define PACKAGE_BUGREPORT "https://savannah.gnu.org/bugs/?func=addbug&group=gforth"
| #define PACKAGE_URL ""
| #define STDC_HEADERS 1
| #define HAVE_SYS_TYPES_H 1
| #define HAVE_SYS_STAT_H 1
| #define HAVE_STDLIB_H 1
| #define HAVE_STRING_H 1
| #define HAVE_MEMORY_H 1
| #define HAVE_STRINGS_H 1
| #define HAVE_INTTYPES_H 1
| #define HAVE_STDINT_H 1
| #define HAVE_UNISTD_H 1
| #define __EXTENSIONS__ 1
| #define _ALL_SOURCE 1
| #define _GNU_SOURCE 1
| #define _POSIX_PTHREAD_SEMANTICS 1
| #define _TANDEM_SOURCE 1
| #define STACK_CACHE_REGS 1
| #define STACK_CACHE_DEFAULT_FAST 1
| #define SIZEOF_CHAR_P 8
| #define SIZEOF_VOID_P 8
| #define SIZEOF_CHAR 1
| #define SIZEOF_SHORT 2
| #define SIZEOF_INT 4
| #define SIZEOF_LONG 8
| #define SIZEOF_LONG_LONG 8
| #define SIZEOF_INTPTR_T 8
| #define SIZEOF_INT128_T 0
| #define SIZEOF_UINT128_T 0
| #define CELL_TYPE long
| #define WYDE_TYPE short
| #define TETRABYTE_TYPE int
| #define SIZEOF_OFF_T 8
| #define SMALL_OFF_T 1
| #define MAYBE_UNUSED __attribute__((unused))
| #define DIRSEP '/'
| #define PATHSEP ':'
| #define DEFAULTSYSTEMPREFIX ""
| #define LTDL_LIBRARY_PATH "/lib/x86_64-linux-gnu:/usr/lib/x86_64-linux-gnu/libfakeroot"
| /* end confdefs.h.  */
| int foo(int,int,int);
| main()
| {
|   exit(foo(0,0,0)!=16);
| }
| int foo(int x, int y, int z)
| {
|   static void *labels[]={&&label1, &&label2};
|   if (x) {
|     y++; /* workaround for http://gcc.gnu.org/bugzilla/show_bug.cgi?id=12108 */
|   label1:
|     asm(".skip 16"); /* or ".space 16" or somesuch */
|   label2: ;
|   }
|   {
|   if (y) goto *labels[z]; /* workaround for gcc PR12108 */
|   return labels[1]-labels[0];
|   }
| }
| 
configure:6396: gcc -o conftest -O2  -fno-gcse -fno-strict-aliasing -fno-crossjumping -fno-reorder-blocks -falign-labels=1 -falign-loops=1 -falign-jumps=1   -export-dynamic conftest.c  >&5
conftest.c:47:1: warning: return type defaults to 'int' [-Wimplicit-int]
   47 | main()
      | ^~~~
conftest.c: In function 'main':
conftest.c:49:3: warning: implicit declaration of function 'exit' [-Wimplicit-function-declaration]
   49 |   exit(foo(0,0,0)!=16);
      |   ^~~~
conftest.c:49:3: warning: incompatible implicit declaration of built-in function 'exit'
conftest.c:1:1: note: include '<stdlib.h>' or provide a declaration of 'exit'
  +++ |+#include <stdlib.h>
    1 | /* confdefs.h */
conftest.c: Assembler messages:
conftest.c:57: Error: unknown pseudo-op: `.block'
configure:6396: $? = 1
configure: program exited with status 1
configure: failed program was:
| /* confdefs.h */
| #define PACKAGE_NAME "gforth"
| #define PACKAGE_TARNAME "gforth"
| #define PACKAGE_VERSION "0.7.3"
| #define PACKAGE_STRING "gforth 0.7.3"
| #define PACKAGE_BUGREPORT "https://savannah.gnu.org/bugs/?func=addbug&group=gforth"
| #define PACKAGE_URL ""
| #define STDC_HEADERS 1
| #define HAVE_SYS_TYPES_H 1
| #define HAVE_SYS_STAT_H 1
| #define HAVE_STDLIB_H 1
| #define HAVE_STRING_H 1
| #define HAVE_MEMORY_H 1
| #define HAVE_STRINGS_H 1
| #define HAVE_INTTYPES_H 1
| #define HAVE_STDINT_H 1
| #define HAVE_UNISTD_H 1
| #define __EXTENSIONS__ 1
| #define _ALL_SOURCE 1
| #define _GNU_SOURCE 1
| #define _POSIX_PTHREAD_SEMANTICS 1
| #define _TANDEM_SOURCE 1
| #define STACK_CACHE_REGS 1
| #define STACK_CACHE_DEFAULT_FAST 1
| #define SIZEOF_CHAR_P 8
| #define SIZEOF_VOID_P 8
| #define SIZEOF_CHAR 1
| #define SIZEOF_SHORT 2
| #define SIZEOF_INT 4
| #define SIZEOF_LONG 8
| #define SIZEOF_LONG_LONG 8
| #define SIZEOF_INTPTR_T 8
| #define SIZEOF_INT128_T 0
| #define SIZEOF_UINT128_T 0
| #define CELL_TYPE long
| #define WYDE_TYPE short
| #define TETRABYTE_TYPE int
| #define SIZEOF_OFF_T 8
| #define SMALL_OFF_T 1
| #define MAYBE_UNUSED __attribute__((unused))
| #define DIRSEP '/'
| #define PATHSEP ':'
| #define DEFAULTSYSTEMPREFIX ""
| #define LTDL_LIBRARY_PATH "/lib/x86_64-linux-gnu:/usr/lib/x86_64-linux-gnu/libfakeroot"
| /* end confdefs.h.  */
| int foo(int,int,int);
| main()
| {
|   exit(foo(0,0,0)!=16);
| }
| int foo(int x, int y, int z)
| {
|   static void *labels[]={&&label1, &&label2};
|   if (x) {
|     y++; /* workaround for http://gcc.gnu.org/bugzilla/show_bug.cgi?id=12108 */
|   label1:
|     asm(".block 16"); /* or ".space 16" or somesuch */
|   label2: ;
|   }
|   {
|   if (y) goto *labels[z]; /* workaround for gcc PR12108 */
|   return labels[1]-labels[0];
|   }
| }
| 
configure:6396: gcc -o conftest -O2  -fno-gcse -fno-strict-aliasing -fno-crossjumping -fno-reorder-blocks -falign-labels=1 -falign-loops=1 -falign-jumps=1   -export-dynamic conftest.c  >&5
conftest.c:47:1: warning: return type defaults to 'int' [-Wimplicit-int]
   47 | main()
      | ^~~~
conftest.c: In function 'main':
conftest.c:49:3: warning: implicit declaration of function 'exit' [-Wimplicit-function-declaration]
   49 |   exit(foo(0,0,0)!=16);
      |   ^~~~
conftest.c:49:3: warning: incompatible implicit declaration of built-in function 'exit'
conftest.c:1:1: note: include '<stdlib.h>' or provide a declaration of 'exit'
  +++ |+#include <stdlib.h>
    1 | /* confdefs.h */
configure:6396: $? = 0
configure:6396: ./conftest
configure:6396: $? = 1
configure: program exited with status 1
configure: failed program was:
| /* confdefs.h */
| #define PACKAGE_NAME "gforth"
| #define PACKAGE_TARNAME "gforth"
| #define PACKAGE_VERSION "0.7.3"
| #define PACKAGE_STRING "gforth 0.7.3"
| #define PACKAGE_BUGREPORT "https://savannah.gnu.org/bugs/?func=addbug&group=gforth"
| #define PACKAGE_URL ""
| #define STDC_HEADERS 1
| #define HAVE_SYS_TYPES_H 1
| #define HAVE_SYS_STAT_H 1
| #define HAVE_STDLIB_H 1
| #define HAVE_STRING_H 1
| #define HAVE_MEMORY_H 1
| #define HAVE_STRINGS_H 1
| #define HAVE_INTTYPES_H 1
| #define HAVE_STDINT_H 1
| #define HAVE_UNISTD_H 1
| #define __EXTENSIONS__ 1
| #define _ALL_SOURCE 1
| #define _GNU_SOURCE 1
| #define _POSIX_PTHREAD_SEMANTICS 1
| #define _TANDEM_SOURCE 1
| #define STACK_CACHE_REGS 1
| #define STACK_CACHE_DEFAULT_FAST 1
| #define SIZEOF_CHAR_P 8
| #define SIZEOF_VOID_P 8
| #define SIZEOF_CHAR 1
| #define SIZEOF_SHORT 2
| #define SIZEOF_INT 4
| #define SIZEOF_LONG 8
| #define SIZEOF_LONG_LONG 8
| #define SIZEOF_INTPTR_T 8
| #define SIZEOF_INT128_T 0
| #define SIZEOF_UINT128_T 0
| #define CELL_TYPE long
| #define WYDE_TYPE short
| #define TETRABYTE_TYPE int
| #define SIZEOF_OFF_T 8
| #define SMALL_OFF_T 1
| #define MAYBE_UNUSED __attribute__((unused))
| #define DIRSEP '/'
| #define PATHSEP ':'
| #define DEFAULTSYSTEMPREFIX ""
| #define LTDL_LIBRARY_PATH "/lib/x86_64-linux-gnu:/usr/lib/x86_64-linux-gnu/libfakeroot"
| /* end confdefs.h.  */
| int foo(int,int,int);
| main()
| {
|   exit(foo(0,0,0)!=16);
| }
| int foo(int x, int y, int z)
| {
|   static void *labels[]={&&label1, &&label2};
|   if (x) {
|     y++; /* workaround for http://gcc.gnu.org/bugzilla/show_bug.cgi?id=12108 */
|   label1:
|     asm(".org .+16"); /* or ".space 16" or somesuch */
|   label2: ;
|   }
|   {
|   if (y) goto *labels[z]; /* workaround for gcc PR12108 */
|   return labels[1]-labels[0];
|   }
| }
| 
configure:6396: gcc -o conftest -O2  -fno-gcse -fno-strict-aliasing -fno-crossjumping -fno-reorder-blocks -falign-labels=1 -falign-loops=1 -falign-jumps=1   -export-dynamic conftest.c  >&5
conftest.c:47:1: warning: return type defaults to 'int' [-Wimplicit-int]
   47 | main()
      | ^~~~
conftest.c: In function 'main':
conftest.c:49:3: warning: implicit declaration of function 'exit' [-Wimplicit-function-declaration]
   49 |   exit(foo(0,0,0)!=16);
      |   ^~~~
conftest.c:49:3: warning: incompatible implicit declaration of built-in function 'exit'
conftest.c:1:1: note: include '<stdlib.h>' or provide a declaration of 'exit'
  +++ |+#include <stdlib.h>
    1 | /* confdefs.h */
configure:6396: $? = 0
configure:6396: ./conftest
configure:6396: $? = 1
configure: program exited with status 1
configure: failed program was:
| /* confdefs.h */
| #define PACKAGE_NAME "gforth"
| #define PACKAGE_TARNAME "gforth"
| #define PACKAGE_VERSION "0.7.3"
| #define PACKAGE_STRING "gforth 0.7.3"
| #define PACKAGE_BUGREPORT "https://savannah.gnu.org/bugs/?func=addbug&group=gforth"
| #define PACKAGE_URL ""
| #define STDC_HEADERS 1
| #define HAVE_SYS_TYPES_H 1
| #define HAVE_SYS_STAT_H 1
| #define HAVE_STDLIB_H 1
| #define HAVE_STRING_H 1
| #define HAVE_MEMORY_H 1
| #define HAVE_STRINGS_H 1
| #define HAVE_INTTYPES_H 1
| #define HAVE_STDINT_H 1
| #define HAVE_UNISTD_H 1
| #define __EXTENSIONS__ 1
| #define _ALL_SOURCE 1
| #define _GNU_SOURCE 1
| #define _POSIX_PTHREAD_SEMANTICS 1
| #define _TANDEM_SOURCE 1
| #define STACK_CACHE_REGS 1
| #define STACK_CACHE_DEFAULT_FAST 1
| #define SIZEOF_CHAR_P 8
| #define SIZEOF_VOID_P 8
| #define SIZEOF_CHAR 1
| #define SIZEOF_SHORT 2
| #define SIZEOF_INT 4
| #define SIZEOF_LONG 8
| #define SIZEOF_LONG_LONG 8
| #define SIZEOF_INTPTR_T 8
| #define SIZEOF_INT128_T 0
| #define SIZEOF_UINT128_T 0
| #define CELL_TYPE long
| #define WYDE_TYPE short
| #define TETRABYTE_TYPE int
| #define SIZEOF_OFF_T 8
| #define SMALL_OFF_T 1
| #define MAYBE_UNUSED __attribute__((unused))
| #define DIRSEP '/'
| #define PATHSEP ':'
| #define DEFAULTSYSTEMPREFIX ""
| #define LTDL_LIBRARY_PATH "/lib/x86_64-linux-gnu:/usr/lib/x86_64-linux-gnu/libfakeroot"
| /* end confdefs.h.  */
| int foo(int,int,int);
| main()
| {
|   exit(foo(0,0,0)!=16);
| }
| int foo(int x, int y, int z)
| {
|   static void *labels[]={&&label1, &&label2};
|   if (x) {
|     y++; /* workaround for http://gcc.gnu.org/bugzilla/show_bug.cgi?id=12108 */
|   label1:
|     asm(".=.+16"); /* or ".space 16" or somesuch */
|   label2: ;
|   }
|   {
|   if (y) goto *labels[z]; /* workaround for gcc PR12108 */
|   return labels[1]-labels[0];
|   }
| }
| 
configure:6396: gcc -o conftest -O2  -fno-gcse -fno-strict-aliasing -fno-crossjumping -fno-reorder-blocks -falign-labels=1 -falign-loops=1 -falign-jumps=1   -export-dynamic conftest.c  >&5
conftest.c:47:1: warning: return type defaults to 'int' [-Wimplicit-int]
   47 | main()
      | ^~~~
conftest.c: In function 'main':
conftest.c:49:3: warning: implicit declaration of function 'exit' [-Wimplicit-function-declaration]
   49 |   exit(foo(0,0,0)!=16);
      |   ^~~~
conftest.c:49:3: warning: incompatible implicit declaration of built-in function 'exit'
conftest.c:1:1: note: include '<stdlib.h>' or provide a declaration of 'exit'
  +++ |+#include <stdlib.h>
    1 | /* confdefs.h */
configure:6396: $? = 0
configure:6396: ./conftest
configure:6396: $? = 1
configure: program exited with status 1
configure: failed program was:
| /* confdefs.h */
| #define PACKAGE_NAME "gforth"
| #define PACKAGE_TARNAME "gforth"
| #define PACKAGE_VERSION "0.7.3"
| #define PACKAGE_STRING "gforth 0.7.3"
| #define PACKAGE_BUGREPORT "https://savannah.gnu.org/bugs/?func=addbug&group=gforth"
| #define PACKAGE_URL ""
| #define STDC_HEADERS 1
| #define HAVE_SYS_TYPES_H 1
| #define HAVE_SYS_STAT_H 1
| #define HAVE_STDLIB_H 1
| #define HAVE_STRING_H 1
| #define HAVE_MEMORY_H 1
| #define HAVE_STRINGS_H 1
| #define HAVE_INTTYPES_H 1
| #define HAVE_STDINT_H 1
| #define HAVE_UNISTD_H 1
| #define __EXTENSIONS__ 1
| #define _ALL_SOURCE 1
| #define _GNU_SOURCE 1
| #define _POSIX_PTHREAD_SEMANTICS 1
| #define _TANDEM_SOURCE 1
| #define STACK_CACHE_REGS 1
| #define STACK_CACHE_DEFAULT_FAST 1
| #define SIZEOF_CHAR_P 8
| #define SIZEOF_VOID_P 8
| #define SIZEOF_CHAR 1
| #define SIZEOF_SHORT 2
| #define SIZEOF_INT 4
| #define SIZEOF_LONG 8
| #define SIZEOF_LONG_LONG 8
| #define SIZEOF_INTPTR_T 8
| #define SIZEOF_INT128_T 0
| #define SIZEOF_UINT128_T 0
| #define CELL_TYPE long
| #define WYDE_TYPE short
| #define TETRABYTE_TYPE int
| #define SIZEOF_OFF_T 8
| #define SMALL_OFF_T 1
| #define MAYBE_UNUSED __attribute__((unused))
| #define DIRSEP '/'
| #define PATHSEP ':'
| #define DEFAULTSYSTEMPREFIX ""
| #define LTDL_LIBRARY_PATH "/lib/x86_64-linux-gnu:/usr/lib/x86_64-linux-gnu/libfakeroot"
| /* end confdefs.h.  */
| int foo(int,int,int);
| main()
| {
|   exit(foo(0,0,0)!=16);
| }
| int foo(int x, int y, int z)
| {
|   static void *labels[]={&&label1, &&label2};
|   if (x) {
|     y++; /* workaround for http://gcc.gnu.org/bugzilla/show_bug.cgi?id=12108 */
|   label1:
|     asm(".space 16"); /* or ".space 16" or somesuch */
|   label2: ;
|   }
|   {
|   if (y) goto *labels[z]; /* workaround for gcc PR12108 */
|   return labels[1]-labels[0];
|   }
| }
| 
configure:6407: result: no
configure:6413: WARNING: Disabling default dynamic native code generation
configure:6429: checking if and how we can do comments in asm statements
configure:6449: gcc -c -O2  -fno-gcse -fno-strict-aliasing -fno-crossjumping -fno-reorder-blocks -falign-labels=1 -falign-loops=1 -falign-jumps=1  conftest.c >&5
configure:6449: $? = 0
configure:6456: result: "# "
configure:6474: checking whether ln -s works
configure:6478: result: yes
configure:6499: checking for a BSD-compatible install
configure:6567: result: /usr/bin/install -c
configure:6582: checking for texi2dvi4a2ps
configure:6612: result: no
configure:6582: checking for texi2dvi
configure:6598: found /usr/bin/texi2dvi
configure:6609: result: texi2dvi
configure:6625: checking for glibtool
configure:6655: result: no
configure:6625: checking for libtool
configure:6641: found /usr/bin/libtool
configure:6652: result: libtool
configure:6672: checking for asin in -lm
configure:6697: gcc -o conftest -O2   -export-dynamic conftest.c -lm   >&5
conftest.c:56:6: warning: conflicting types for built-in function 'asin'; expected 'double(double)' [-Wbuiltin-declaration-mismatch]
   56 | char asin ();
      |      ^~~~
conftest.c:1:1: note: 'asin' is declared in header '<math.h>'
    1 | /* confdefs.h */
configure:6697: $? = 0
configure:6706: result: yes
configure:6717: checking for lt_dlinit in -lltdl
configure:6742: gcc -o conftest -O2   -export-dynamic conftest.c -lltdl  -lm  >&5
configure:6742: $? = 0
configure:6751: result: yes
configure:6763: checking ffi.h usability
configure:6763: gcc -c -O2  conftest.c >&5
configure:6763: $? = 0
configure:6763: result: yes
configure:6763: checking ffi.h presence
configure:6763: gcc -E  conftest.c
configure:6763: $? = 0
configure:6763: result: yes
configure:6763: checking for ffi.h
configure:6763: result: yes
configure:6778: checking for ffi_call in -lffi
configure:6803: gcc -o conftest -O2   -export-dynamic conftest.c -lffi  -lltdl -lm  >&5
configure:6803: $? = 0
configure:6812: result: yes
configure:6832: checking for __builtin_avcall in -lavcall
configure:6857: gcc -o conftest -O2   -export-dynamic conftest.c -lavcall  -lffi -lltdl -lm  >&5
/usr/bin/ld: cannot find -lavcall
collect2: error: ld returned 1 exit status
configure:6857: $? = 1
configure: failed program was:
| /* confdefs.h */
| #define PACKAGE_NAME "gforth"
| #define PACKAGE_TARNAME "gforth"
| #define PACKAGE_VERSION "0.7.3"
| #define PACKAGE_STRING "gforth 0.7.3"
| #define PACKAGE_BUGREPORT "https://savannah.gnu.org/bugs/?func=addbug&group=gforth"
| #define PACKAGE_URL ""
| #define STDC_HEADERS 1
| #define HAVE_SYS_TYPES_H 1
| #define HAVE_SYS_STAT_H 1
| #define HAVE_STDLIB_H 1
| #define HAVE_STRING_H 1
| #define HAVE_MEMORY_H 1
| #define HAVE_STRINGS_H 1
| #define HAVE_INTTYPES_H 1
| #define HAVE_STDINT_H 1
| #define HAVE_UNISTD_H 1
| #define __EXTENSIONS__ 1
| #define _ALL_SOURCE 1
| #define _GNU_SOURCE 1
| #define _POSIX_PTHREAD_SEMANTICS 1
| #define _TANDEM_SOURCE 1
| #define STACK_CACHE_REGS 1
| #define STACK_CACHE_DEFAULT_FAST 1
| #define SIZEOF_CHAR_P 8
| #define SIZEOF_VOID_P 8
| #define SIZEOF_CHAR 1
| #define SIZEOF_SHORT 2
| #define SIZEOF_INT 4
| #define SIZEOF_LONG 8
| #define SIZEOF_LONG_LONG 8
| #define SIZEOF_INTPTR_T 8
| #define SIZEOF_INT128_T 0
| #define SIZEOF_UINT128_T 0
| #define CELL_TYPE long
| #define WYDE_TYPE short
| #define TETRABYTE_TYPE int
| #define SIZEOF_OFF_T 8
| #define SMALL_OFF_T 1
| #define MAYBE_UNUSED __attribute__((unused))
| #define DIRSEP '/'
| #define PATHSEP ':'
| #define DEFAULTSYSTEMPREFIX ""
| #define LTDL_LIBRARY_PATH "/lib/x86_64-linux-gnu:/usr/lib/x86_64-linux-gnu/libfakeroot"
| #define SKIP16 ((void)0)
| #define ASMCOMMENT "# "
| #define NO_DYNAMIC_DEFAULT 1
| #define HAVE_LIBM 1
| #define HAVE_LIBLTDL 1
| #define HAVE_LIBFFI 1
| /* end confdefs.h.  */
| 
| /* Override any GCC internal prototype to avoid an error.
|    Use char because int might match the return type of a GCC
|    builtin and then its argument prototype would still apply.  */
| #ifdef __cplusplus
| extern "C"
| #endif
| char __builtin_avcall ();
| int
| main ()
| {
| return __builtin_avcall ();
|   ;
|   return 0;
| }
configure:6866: result: no
configure:6892: checking for working memcmp
configure:6935: gcc -o conftest -O2   -export-dynamic conftest.c -lffi -lltdl -lm  >&5
configure:6935: $? = 0
configure:6935: ./conftest
configure:6935: $? = 0
configure:6945: result: yes
configure:6955: checking for memmove
configure:6955: gcc -o conftest -O2   -export-dynamic conftest.c -lffi -lltdl -lm  >&5
conftest.c:75:6: warning: conflicting types for built-in function 'memmove'; expected 'void *(void *, const void *, long unsigned int)' [-Wbuiltin-declaration-mismatch]
   75 | char memmove ();
      |      ^~~~~~~
conftest.c:63:1: note: 'memmove' is declared in header '<string.h>'
   62 | # include <limits.h>
   63 | #else
configure:6955: $? = 0
configure:6955: result: yes
configure:6968: checking for strtoul
configure:6968: gcc -o conftest -O2   -export-dynamic conftest.c -lffi -lltdl -lm  >&5
configure:6968: $? = 0
configure:6968: result: yes
configure:6981: checking for pow10
configure:6981: gcc -o conftest -O2   -export-dynamic conftest.c -lffi -lltdl -lm  >&5
conftest.c:77:6: warning: conflicting types for built-in function 'pow10'; expected 'double(double)' [-Wbuiltin-declaration-mismatch]
   77 | char pow10 ();
      |      ^~~~~
/usr/bin/ld: /tmp/ccrNZpTK.o: in function `main':
conftest.c:(.text.startup+0xb): undefined reference to `pow10'
collect2: error: ld returned 1 exit status
configure:6981: $? = 1
configure: failed program was:
| /* confdefs.h */
| #define PACKAGE_NAME "gforth"
| #define PACKAGE_TARNAME "gforth"
| #define PACKAGE_VERSION "0.7.3"
| #define PACKAGE_STRING "gforth 0.7.3"
| #define PACKAGE_BUGREPORT "https://savannah.gnu.org/bugs/?func=addbug&group=gforth"
| #define PACKAGE_URL ""
| #define STDC_HEADERS 1
| #define HAVE_SYS_TYPES_H 1
| #define HAVE_SYS_STAT_H 1
| #define HAVE_STDLIB_H 1
| #define HAVE_STRING_H 1
| #define HAVE_MEMORY_H 1
| #define HAVE_STRINGS_H 1
| #define HAVE_INTTYPES_H 1
| #define HAVE_STDINT_H 1
| #define HAVE_UNISTD_H 1
| #define __EXTENSIONS__ 1
| #define _ALL_SOURCE 1
| #define _GNU_SOURCE 1
| #define _POSIX_PTHREAD_SEMANTICS 1
| #define _TANDEM_SOURCE 1
| #define STACK_CACHE_REGS 1
| #define STACK_CACHE_DEFAULT_FAST 1
| #define SIZEOF_CHAR_P 8
| #define SIZEOF_VOID_P 8
| #define SIZEOF_CHAR 1
| #define SIZEOF_SHORT 2
| #define SIZEOF_INT 4
| #define SIZEOF_LONG 8
| #define SIZEOF_LONG_LONG 8
| #define SIZEOF_INTPTR_T 8
| #define SIZEOF_INT128_T 0
| #define SIZEOF_UINT128_T 0
| #define CELL_TYPE long
| #define WYDE_TYPE short
| #define TETRABYTE_TYPE int
| #define SIZEOF_OFF_T 8
| #define SMALL_OFF_T 1
| #define MAYBE_UNUSED __attribute__((unused))
| #define DIRSEP '/'
| #define PATHSEP ':'
| #define DEFAULTSYSTEMPREFIX ""
| #define LTDL_LIBRARY_PATH "/lib/x86_64-linux-gnu:/usr/lib/x86_64-linux-gnu/libfakeroot"
| #define SKIP16 ((void)0)
| #define ASMCOMMENT "# "
| #define NO_DYNAMIC_DEFAULT 1
| #define HAVE_LIBM 1
| #define HAVE_LIBLTDL 1
| #define HAVE_LIBFFI 1
| #define HAVE_MEMMOVE 1
| #define HAVE_STRTOUL 1
| /* end confdefs.h.  */
| /* Define pow10 to an innocuous variant, in case <limits.h> declares pow10.
|    For example, HP-UX 11i <limits.h> declares gettimeofday.  */
| #define pow10 innocuous_pow10
| 
| /* System header to define __stub macros and hopefully few prototypes,
|     which can conflict with char pow10 (); below.
|     Prefer <limits.h> to <assert.h> if __STDC__ is defined, since
|     <limits.h> exists even on freestanding compilers.  */
| 
| #ifdef __STDC__
| # include <limits.h>
| #else
| # include <assert.h>
| #endif
| 
| #undef pow10
| 
| /* Override any GCC internal prototype to avoid an error.
|    Use char because int might match the return type of a GCC
|    builtin and then its argument prototype would still apply.  */
| #ifdef __cplusplus
| extern "C"
| #endif
| char pow10 ();
| /* The GNU C library defines this for functions which it implements
|     to always fail with ENOSYS.  Some functions are actually named
|     something starting with __ and the normal name is an alias.  */
| #if defined __stub_pow10 || defined __stub___pow10
| choke me
| #endif
| 
| int
| main ()
| {
| return pow10 ();
|   ;
|   return 0;
| }
configure:6981: result: no
configure:6994: checking for strerror
configure:6994: gcc -o conftest -O2   -export-dynamic conftest.c -lffi -lltdl -lm  >&5
configure:6994: $? = 0
configure:6994: result: yes
configure:7007: checking for strsignal
configure:7007: gcc -o conftest -O2   -export-dynamic conftest.c -lffi -lltdl -lm  >&5
configure:7007: $? = 0
configure:7007: result: yes
configure:7020: checking for atanh
configure:7020: gcc -o conftest -O2   -export-dynamic conftest.c -lffi -lltdl -lm  >&5
conftest.c:79:6: warning: conflicting types for built-in function 'atanh'; expected 'double(double)' [-Wbuiltin-declaration-mismatch]
   79 | char atanh ();
      |      ^~~~~
conftest.c:67:1: note: 'atanh' is declared in header '<math.h>'
   66 | # include <limits.h>
   67 | #else
configure:7020: $? = 0
configure:7020: result: yes
configure:7034: checking for _LARGEFILE_SOURCE value needed for large files
configure:7053: gcc -o conftest -O2   -export-dynamic conftest.c -lffi -lltdl -lm  >&5
configure:7053: $? = 0
configure:7081: result: no
configure:7105: checking for ftello
configure:7105: gcc -o conftest -O2   -export-dynamic conftest.c -lffi -lltdl -lm  >&5
configure:7105: $? = 0
configure:7105: result: yes
configure:7105: checking for dlopen
configure:7105: gcc -o conftest -O2   -export-dynamic conftest.c -lffi -lltdl -lm  >&5
/usr/bin/ld: /tmp/ccnTNAIO.o: in function `main':
conftest.c:(.text.startup+0xb): undefined reference to `dlopen'
collect2: error: ld returned 1 exit status
configure:7105: $? = 1
configure: failed program was:
| /* confdefs.h */
| #define PACKAGE_NAME "gforth"
| #define PACKAGE_TARNAME "gforth"
| #define PACKAGE_VERSION "0.7.3"
| #define PACKAGE_STRING "gforth 0.7.3"
| #define PACKAGE_BUGREPORT "https://savannah.gnu.org/bugs/?func=addbug&group=gforth"
| #define PACKAGE_URL ""
| #define STDC_HEADERS 1
| #define HAVE_SYS_TYPES_H 1
| #define HAVE_SYS_STAT_H 1
| #define HAVE_STDLIB_H 1
| #define HAVE_STRING_H 1
| #define HAVE_MEMORY_H 1
| #define HAVE_STRINGS_H 1
| #define HAVE_INTTYPES_H 1
| #define HAVE_STDINT_H 1
| #define HAVE_UNISTD_H 1
| #define __EXTENSIONS__ 1
| #define _ALL_SOURCE 1
| #define _GNU_SOURCE 1
| #define _POSIX_PTHREAD_SEMANTICS 1
| #define _TANDEM_SOURCE 1
| #define STACK_CACHE_REGS 1
| #define STACK_CACHE_DEFAULT_FAST 1
| #define SIZEOF_CHAR_P 8
| #define SIZEOF_VOID_P 8
| #define SIZEOF_CHAR 1
| #define SIZEOF_SHORT 2
| #define SIZEOF_INT 4
| #define SIZEOF_LONG 8
| #define SIZEOF_LONG_LONG 8
| #define SIZEOF_INTPTR_T 8
| #define SIZEOF_INT128_T 0
| #define SIZEOF_UINT128_T 0
| #define CELL_TYPE long
| #define WYDE_TYPE short
| #define TETRABYTE_TYPE int
| #define SIZEOF_OFF_T 8
| #define SMALL_OFF_T 1
| #define MAYBE_UNUSED __attribute__((unused))
| #define DIRSEP '/'
| #define PATHSEP ':'
| #define DEFAULTSYSTEMPREFIX ""
| #define LTDL_LIBRARY_PATH "/lib/x86_64-linux-gnu:/usr/lib/x86_64-linux-gnu/libfakeroot"
| #define SKIP16 ((void)0)
| #define ASMCOMMENT "# "
| #define NO_DYNAMIC_DEFAULT 1
| #define HAVE_LIBM 1
| #define HAVE_LIBLTDL 1
| #define HAVE_LIBFFI 1
| #define HAVE_MEMMOVE 1
| #define HAVE_STRTOUL 1
| #define HAVE_STRERROR 1
| #define HAVE_STRSIGNAL 1
| #define HAVE_ATANH 1
| #define HAVE_FSEEKO 1
| #define HAVE_FTELLO 1
| /* end confdefs.h.  */
| /* Define dlopen to an innocuous variant, in case <limits.h> declares dlopen.
|    For example, HP-UX 11i <limits.h> declares gettimeofday.  */
| #define dlopen innocuous_dlopen
| 
| /* System header to define __stub macros and hopefully few prototypes,
|     which can conflict with char dlopen (); below.
|     Prefer <limits.h> to <assert.h> if __STDC__ is defined, since
|     <limits.h> exists even on freestanding compilers.  */
| 
| #ifdef __STDC__
| # include <limits.h>
| #else
| # include <assert.h>
| #endif
| 
| #undef dlopen
| 
| /* Override any GCC internal prototype to avoid an error.
|    Use char because int might match the return type of a GCC
|    builtin and then its argument prototype would still apply.  */
| #ifdef __cplusplus
| extern "C"
| #endif
| char dlopen ();
| /* The GNU C library defines this for functions which it implements
|     to always fail with ENOSYS.  Some functions are actually named
|     something starting with __ and the normal name is an alias.  */
| #if defined __stub_dlopen || defined __stub___dlopen
| choke me
| #endif
| 
| int
| main ()
| {
| return dlopen ();
|   ;
|   return 0;
| }
configure:7105: result: no
configure:7105: checking for sys_siglist
configure:7105: gcc -o conftest -O2   -export-dynamic conftest.c -lffi -lltdl -lm  >&5
configure:7105: $? = 0
configure:7105: result: yes
configure:7105: checking for getrusage
configure:7105: gcc -o conftest -O2   -export-dynamic conftest.c -lffi -lltdl -lm  >&5
configure:7105: $? = 0
configure:7105: result: yes
configure:7105: checking for nanosleep
configure:7105: gcc -o conftest -O2   -export-dynamic conftest.c -lffi -lltdl -lm  >&5
configure:7105: $? = 0
configure:7105: result: yes
configure:7114: checking for stack_t
configure:7114: gcc -c -O2  conftest.c >&5
configure:7114: $? = 0
configure:7114: gcc -c -O2  conftest.c >&5
conftest.c: In function 'main':
conftest.c:67:22: error: expected expression before ')' token
   67 | if (sizeof ((stack_t)))
      |                      ^
configure:7114: $? = 1
configure: failed program was:
| /* confdefs.h */
| #define PACKAGE_NAME "gforth"
| #define PACKAGE_TARNAME "gforth"
| #define PACKAGE_VERSION "0.7.3"
| #define PACKAGE_STRING "gforth 0.7.3"
| #define PACKAGE_BUGREPORT "https://savannah.gnu.org/bugs/?func=addbug&group=gforth"
| #define PACKAGE_URL ""
| #define STDC_HEADERS 1
| #define HAVE_SYS_TYPES_H 1
| #define HAVE_SYS_STAT_H 1
| #define HAVE_STDLIB_H 1
| #define HAVE_STRING_H 1
| #define HAVE_MEMORY_H 1
| #define HAVE_STRINGS_H 1
| #define HAVE_INTTYPES_H 1
| #define HAVE_STDINT_H 1
| #define HAVE_UNISTD_H 1
| #define __EXTENSIONS__ 1
| #define _ALL_SOURCE 1
| #define _GNU_SOURCE 1
| #define _POSIX_PTHREAD_SEMANTICS 1
| #define _TANDEM_SOURCE 1
| #define STACK_CACHE_REGS 1
| #define STACK_CACHE_DEFAULT_FAST 1
| #define SIZEOF_CHAR_P 8
| #define SIZEOF_VOID_P 8
| #define SIZEOF_CHAR 1
| #define SIZEOF_SHORT 2
| #define SIZEOF_INT 4
| #define SIZEOF_LONG 8
| #define SIZEOF_LONG_LONG 8
| #define SIZEOF_INTPTR_T 8
| #define SIZEOF_INT128_T 0
| #define SIZEOF_UINT128_T 0
| #define CELL_TYPE long
| #define WYDE_TYPE short
| #define TETRABYTE_TYPE int
| #define SIZEOF_OFF_T 8
| #define SMALL_OFF_T 1
| #define MAYBE_UNUSED __attribute__((unused))
| #define DIRSEP '/'
| #define PATHSEP ':'
| #define DEFAULTSYSTEMPREFIX ""
| #define LTDL_LIBRARY_PATH "/lib/x86_64-linux-gnu:/usr/lib/x86_64-linux-gnu/libfakeroot"
| #define SKIP16 ((void)0)
| #define ASMCOMMENT "# "
| #define NO_DYNAMIC_DEFAULT 1
| #define HAVE_LIBM 1
| #define HAVE_LIBLTDL 1
| #define HAVE_LIBFFI 1
| #define HAVE_MEMMOVE 1
| #define HAVE_STRTOUL 1
| #define HAVE_STRERROR 1
| #define HAVE_STRSIGNAL 1
| #define HAVE_ATANH 1
| #define HAVE_FSEEKO 1
| #define HAVE_FTELLO 1
| #define HAVE_SYS_SIGLIST 1
| #define HAVE_GETRUSAGE 1
| #define HAVE_NANOSLEEP 1
| /* end confdefs.h.  */
| #include <signal.h>
| 
| int
| main ()
| {
| if (sizeof ((stack_t)))
| 	    return 0;
|   ;
|   return 0;
| }
configure:7114: result: yes
configure:7125: checking whether sys_siglist is declared
configure:7125: gcc -c -O2  conftest.c >&5
configure:7125: $? = 0
configure:7125: result: yes
configure:7143: checking for getopt_long
configure:7143: gcc -o conftest -O2   -export-dynamic conftest.c -lffi -lltdl -lm  >&5
configure:7143: $? = 0
configure:7143: result: yes
configure:7163: checking for expm1
configure:7163: gcc -o conftest -O2   -export-dynamic conftest.c -lffi -lltdl -lm  >&5
conftest.c:87:6: warning: conflicting types for built-in function 'expm1'; expected 'double(double)' [-Wbuiltin-declaration-mismatch]
   87 | char expm1 ();
      |      ^~~~~
conftest.c:75:1: note: 'expm1' is declared in header '<math.h>'
   74 | # include <limits.h>
   75 | #else
configure:7163: $? = 0
configure:7163: result: yes
configure:7163: checking for log1p
configure:7163: gcc -o conftest -O2   -export-dynamic conftest.c -lffi -lltdl -lm  >&5
conftest.c:88:6: warning: conflicting types for built-in function 'log1p'; expected 'double(double)' [-Wbuiltin-declaration-mismatch]
   88 | char log1p ();
      |      ^~~~~
conftest.c:76:1: note: 'log1p' is declared in header '<math.h>'
   75 | # include <limits.h>
   76 | #else
configure:7163: $? = 0
configure:7163: result: yes
configure:7172: checking for rint
configure:7172: gcc -o conftest -O2   -export-dynamic conftest.c -lffi -lltdl -lm  >&5
conftest.c:89:6: warning: conflicting types for built-in function 'rint'; expected 'double(double)' [-Wbuiltin-declaration-mismatch]
   89 | char rint ();
      |      ^~~~
conftest.c:77:1: note: 'rint' is declared in header '<math.h>'
   76 | # include <limits.h>
   77 | #else
configure:7172: $? = 0
configure:7172: result: yes
configure:7185: checking for ecvt
configure:7185: gcc -o conftest -O2   -export-dynamic conftest.c -lffi -lltdl -lm  >&5
configure:7185: $? = 0
configure:7185: result: yes
configure:7202: checking sys/mman.h usability
configure:7202: gcc -c -O2  conftest.c >&5
configure:7202: $? = 0
configure:7202: result: yes
configure:7202: checking sys/mman.h presence
configure:7202: gcc -E  conftest.c
configure:7202: $? = 0
configure:7202: result: yes
configure:7202: checking for sys/mman.h
configure:7202: result: yes
configure:7202: checking fnmatch.h usability
configure:7202: gcc -c -O2  conftest.c >&5
configure:7202: $? = 0
configure:7202: result: yes
configure:7202: checking fnmatch.h presence
configure:7202: gcc -E  conftest.c
configure:7202: $? = 0
configure:7202: result: yes
configure:7202: checking for fnmatch.h
configure:7202: result: yes
configure:7202: checking alloca.h usability
configure:7202: gcc -c -O2  conftest.c >&5
configure:7202: $? = 0
configure:7202: result: yes
configure:7202: checking alloca.h presence
configure:7202: gcc -E  conftest.c
configure:7202: $? = 0
configure:7202: result: yes
configure:7202: checking for alloca.h
configure:7202: result: yes
configure:7202: checking wchar.h usability
configure:7202: gcc -c -O2  conftest.c >&5
configure:7202: $? = 0
configure:7202: result: yes
configure:7202: checking wchar.h presence
configure:7202: gcc -E  conftest.c
configure:7202: $? = 0
configure:7202: result: yes
configure:7202: checking for wchar.h
configure:7202: result: yes
configure:7212: checking for working POSIX fnmatch
configure:7245: gcc -o conftest -O2   -export-dynamic conftest.c -lffi -lltdl -lm  >&5
configure:7245: $? = 0
configure:7245: ./conftest
configure:7245: $? = 0
configure:7255: result: yes
configure:7273: checking for mmap
configure:7273: gcc -o conftest -O2   -export-dynamic conftest.c -lffi -lltdl -lm  >&5
configure:7273: $? = 0
configure:7273: result: yes
configure:7273: checking for sysconf
configure:7273: gcc -o conftest -O2   -export-dynamic conftest.c -lffi -lltdl -lm  >&5
configure:7273: $? = 0
configure:7273: result: yes
configure:7273: checking for getpagesize
configure:7273: gcc -o conftest -O2   -export-dynamic conftest.c -lffi -lltdl -lm  >&5
configure:7273: $? = 0
configure:7273: result: yes
configure:7273: checking for wcwidth
configure:7273: gcc -o conftest -O2   -export-dynamic conftest.c -lffi -lltdl -lm  >&5
configure:7273: $? = 0
configure:7273: result: yes
configure:7289: checking for emacs
configure:7305: found /usr/bin/emacs
configure:7316: result: emacs
configure:7340: checking where .elc files should go
configure:7353: $EMACS -batch -Q -eval '(while load-path (princ (concat (car load-path) "\n")) (setq load-path (cdr load-path)))' </dev/null >conftest.out
configure:7356: $? = 0
configure:7369: result: ${datadir}/emacs/site-lisp
configure:7481: creating ./config.status

## ---------------------- ##
## Running config.status. ##
## ---------------------- ##

This file was extended by gforth config.status 0.7.3, which was
generated by GNU Autoconf 2.69.  Invocation command line was

  CONFIG_FILES    = 
  CONFIG_HEADERS  = 
  CONFIG_LINKS    = 
  CONFIG_COMMANDS = 
  $ ./config.status 

on project-97aafba4-8095-465a-81a1-a63d0feb01d4

config.status:959: creating Makefile
config.status:959: creating Makedist
config.status:959: creating gforthmi
config.status:959: creating vmgen
config.status:959: creating machpc.fs
config.status:959: creating envos.fs
config.status:959: creating preforth
config.status:959: creating engine/Makefile
config.status:1062: WARNING:  'engine/Makefile.in' seems to ignore the --datarootdir setting
config.status:959: creating engine/libcc.h
config.status:959: creating doc/version.texi
config.status:959: creating build-ec
config.status:959: creating engine/config.h
config.status:1134: engine/config.h is unchanged
config.status:1148: executing stamp-h commands

## ---------------- ##
## Cache variables. ##
## ---------------- ##

ac_cv_build=x86_64-unknown-linux-gnu
ac_cv_c_bigendian=no
ac_cv_c_compiler_gnu=yes
ac_cv_env_CC_set=
ac_cv_env_CC_value=
ac_cv_env_CFLAGS_set=
ac_cv_env_CFLAGS_value=
ac_cv_env_CPPFLAGS_set=
ac_cv_env_CPPFLAGS_value=
ac_cv_env_CPP_set=
ac_cv_env_CPP_value=
ac_cv_env_EMACSLOADPATH_set=
ac_cv_env_EMACSLOADPATH_value=
ac_cv_env_EMACS_set=
ac_cv_env_EMACS_value=
ac_cv_env_FORTHSIZES_set=
ac_cv_env_FORTHSIZES_value=
ac_cv_env_GCC_PR15242_WORKAROUND_set=
ac_cv_env_GCC_PR15242_WORKAROUND_value=
ac_cv_env_LDFLAGS_set=
ac_cv_env_LDFLAGS_value=
ac_cv_env_LIBCC_BUILD_SRC_set=
ac_cv_env_LIBCC_BUILD_SRC_value=
ac_cv_env_LIBS_set=
ac_cv_env_LIBS_value=
ac_cv_env_LTDL_LIBRARY_PATH_set=
ac_cv_env_LTDL_LIBRARY_PATH_value=
ac_cv_env_STACK_CACHE_DEFAULT_FAST_set=
ac_cv_env_STACK_CACHE_DEFAULT_FAST_value=
ac_cv_env_STACK_CACHE_REGS_set=
ac_cv_env_STACK_CACHE_REGS_value=
ac_cv_env_ac_cv_c_bigendian_set=
ac_cv_env_ac_cv_c_bigendian_value=
ac_cv_env_ac_cv_sizeof_char_p_set=
ac_cv_env_ac_cv_sizeof_char_p_value=
ac_cv_env_ac_cv_sizeof_char_set=
ac_cv_env_ac_cv_sizeof_char_value=
ac_cv_env_ac_cv_sizeof_int128_t_set=
ac_cv_env_ac_cv_sizeof_int128_t_value=
ac_cv_env_ac_cv_sizeof_int_set=
ac_cv_env_ac_cv_sizeof_int_value=
ac_cv_env_ac_cv_sizeof_intptr_t_set=
ac_cv_env_ac_cv_sizeof_intptr_t_value=
ac_cv_env_ac_cv_sizeof_long_long_set=
ac_cv_env_ac_cv_sizeof_long_long_value=
ac_cv_env_ac_cv_sizeof_long_set=
ac_cv_env_ac_cv_sizeof_long_value=
ac_cv_env_ac_cv_sizeof_short_set=
ac_cv_env_ac_cv_sizeof_short_value=
ac_cv_env_ac_cv_sizeof_uint128_t_set=
ac_cv_env_ac_cv_sizeof_uint128_t_value=
ac_cv_env_ac_cv_sizeof_void_p_set=
ac_cv_env_ac_cv_sizeof_void_p_value=
ac_cv_env_arm_cacheflush_set=
ac_cv_env_arm_cacheflush_value=
ac_cv_env_asmcomment_set=
ac_cv_env_asmcomment_value=
ac_cv_env_build_alias_set=
ac_cv_env_build_alias_value=
ac_cv_env_condbranch_opt_set=
ac_cv_env_condbranch_opt_value=
ac_cv_env_host_alias_set=
ac_cv_env_host_alias_value=
ac_cv_env_no_dynamic_default_set=
ac_cv_env_no_dynamic_default_value=
ac_cv_env_skipcode_set=
ac_cv_env_skipcode_value=
ac_cv_env_target_alias_set=
ac_cv_env_target_alias_value=
ac_cv_file___arch_amd64_asm_fs=yes
ac_cv_file___arch_amd64_disasm_fs=yes
ac_cv_func_atanh=yes
ac_cv_func_dlopen=no
ac_cv_func_ecvt=yes
ac_cv_func_expm1=yes
ac_cv_func_fnmatch_works=yes
ac_cv_func_ftello=yes
ac_cv_func_getopt_long=yes
ac_cv_func_getpagesize=yes
ac_cv_func_getrusage=yes
ac_cv_func_log1p=yes
ac_cv_func_memcmp_working=yes
ac_cv_func_memmove=yes
ac_cv_func_mmap=yes
ac_cv_func_nanosleep=yes
ac_cv_func_pow10=no
ac_cv_func_rint=yes
ac_cv_func_strerror=yes
ac_cv_func_strsignal=yes
ac_cv_func_strtoul=yes
ac_cv_func_sys_siglist=yes
ac_cv_func_sysconf=yes
ac_cv_func_wcwidth=yes
ac_cv_have_decl_sys_siglist=yes
ac_cv_header_alloca_h=yes
ac_cv_header_ffi_h=yes
ac_cv_header_fnmatch_h=yes
ac_cv_header_inttypes_h=yes
ac_cv_header_memory_h=yes
ac_cv_header_minix_config_h=no
ac_cv_header_stdc=yes
ac_cv_header_stdint_h=yes
ac_cv_header_stdlib_h=yes
ac_cv_header_string_h=yes
ac_cv_header_strings_h=yes
ac_cv_header_sys_mman_h=yes
ac_cv_header_sys_stat_h=yes
ac_cv_header_sys_types_h=yes
ac_cv_header_unistd_h=yes
ac_cv_header_wchar_h=yes
ac_cv_host=x86_64-unknown-linux-gnu
ac_cv_int_type_cell=long
ac_cv_int_type_double_cell=none
ac_cv_int_type_double_ucell=none
ac_cv_lib_avcall___builtin_avcall=no
ac_cv_lib_ffi_ffi_call=yes
ac_cv_lib_ltdl_lt_dlinit=yes
ac_cv_lib_m_asin=yes
ac_cv_objext=o
ac_cv_path_EGREP='/usr/bin/grep -E'
ac_cv_path_GREP=/usr/bin/grep
ac_cv_path_INSTALL_INFO=/usr/bin/install-info
ac_cv_path_install='/usr/bin/install -c'
ac_cv_prog_CPP='gcc -E'
ac_cv_prog_EMACS=emacs
ac_cv_prog_GNU_LIBTOOL=libtool
ac_cv_prog_MASSAGE_EXE='chcon -t unconfined_execmem_exec_t'
ac_cv_prog_TEXI2DVI=texi2dvi
ac_cv_prog_ac_ct_CC=gcc
ac_cv_prog_cc_c89=
ac_cv_prog_cc_g=yes
ac_cv_safe_to_define___extensions__=yes
ac_cv_sizeof_char=1
ac_cv_sizeof_char_p=8
ac_cv_sizeof_int128_t=0
ac_cv_sizeof_int=4
ac_cv_sizeof_intptr_t=8
ac_cv_sizeof_long=8
ac_cv_sizeof_long_long=8
ac_cv_sizeof_off_t=8
ac_cv_sizeof_short=2
ac_cv_sizeof_uint128_t=0
ac_cv_sizeof_void_p=8
ac_cv_sys_file_offset_bits=no
ac_cv_sys_largefile_CC=no
ac_cv_sys_largefile_source=no
ac_cv_tetrabyte_type_cell=int
ac_cv_type_off_t=yes
ac_cv_type_stack_t=yes
ac_cv_wyde_type_cell=short
ac_env_ac_cv_c_bigendian_set=
ac_env_ac_cv_c_bigendian_value=
ac_env_ac_cv_sizeof_char_p_set=
ac_env_ac_cv_sizeof_char_p_value=
ac_env_ac_cv_sizeof_char_set=
ac_env_ac_cv_sizeof_char_value=
ac_env_ac_cv_sizeof_int128_t_set=
ac_env_ac_cv_sizeof_int128_t_value=
ac_env_ac_cv_sizeof_int_set=
ac_env_ac_cv_sizeof_int_value=
ac_env_ac_cv_sizeof_intptr_t_set=
ac_env_ac_cv_sizeof_intptr_t_value=
ac_env_ac_cv_sizeof_long_long_set=
ac_env_ac_cv_sizeof_long_long_value=
ac_env_ac_cv_sizeof_long_set=
ac_env_ac_cv_sizeof_long_value=
ac_env_ac_cv_sizeof_short_set=
ac_env_ac_cv_sizeof_short_value=
ac_env_ac_cv_sizeof_uint128_t_set=
ac_env_ac_cv_sizeof_uint128_t_value=
ac_env_ac_cv_sizeof_void_p_set=
ac_env_ac_cv_sizeof_void_p_value=
am_cv_lispdir='${datadir}/emacs/site-lisp'

## ----------------- ##
## Output variables. ##
## ----------------- ##

CC='gcc'
CFLAGS='-O2'
CPP='gcc -E'
CPPFLAGS=''
DEBUGFLAG=''
DEFAULTSYSTEMPREFIX=''
DEFS='-DHAVE_CONFIG_H'
DIRSEP='/'
EC=''
ECHO_C=''
ECHO_N='-n'
ECHO_T=''
EC_MODE='false'
EGREP='/usr/bin/grep -E'
EMACS='emacs'
EMACSLOADPATH=''
ENGINE_FLAGS=' -fno-gcse -fno-strict-aliasing -fno-crossjumping -fno-reorder-blocks -falign-labels=1 -falign-loops=1 -falign-jumps=1'
EXEEXT=''
FFCALLFLAG='false'
FFI_H_NAME='ffi.h'
FORTHSIZES=''
GCC_LD='$(GCC)'
GCC_PR15242_WORKAROUND=''
GFORTHDITC_EXE='true'
GFORTHFAST_EXE='true'
GFORTHITC_EXE='true'
GFORTH_EXE='true'
GNUMAKE=''
GNU_LIBTOOL='libtool'
GREP='/usr/bin/grep'
INSTALL_DATA='${INSTALL} -m 644'
INSTALL_INFO='/usr/bin/install-info'
INSTALL_PROGRAM='${INSTALL}'
INSTALL_SCRIPT='${INSTALL}'
KERNEL='kernl16l.fi kernl16b.fi kernl32l.fi kernl32b.fi kernl64l.fi kernl64b.fi'
LDFLAGS=' -export-dynamic'
LIBCC_BUILD_SRC=' libffi.fs'
LIBFFIFLAG='true'
LIBLTDL=''
LIBOBJS=' ${LIBOBJDIR}pow10$U.o'
LIBS='-lffi -lltdl -lm '
LINK_KERNL=''
LN_S='ln -s'
LTDLDEPS=''
LTDLINCL=''
LTDL_LDLIBS=''
LTDL_LIBRARY_PATH='/lib/x86_64-linux-gnu:/usr/lib/x86_64-linux-gnu/libfakeroot'
LTLIBOBJS=' ${LIBOBJDIR}pow10$U.lo'
M4='m4 -s'
MAKEINC=''
MASSAGE_EXE='chcon -t unconfined_execmem_exec_t'
NO_CHECK=''
OBJEXT='o'
OPTS=' -ll-reg -noll-reg -ll -noll'
PACKAGE_BUGREPORT='https://savannah.gnu.org/bugs/?func=addbug&group=gforth'
PACKAGE_NAME='gforth'
PACKAGE_STRING='gforth 0.7.3'
PACKAGE_TARNAME='gforth'
PACKAGE_URL=''
PACKAGE_VERSION='0.7.3'
PATHSEP=':'
PATH_SEPARATOR=':'
PEEPHOLEFLAG='true'
PREFORTH='echo "You need to configure with a gforth in \$PATH to build this part" && false'
PROFEXES=''
PROFOBJS=''
SHELL='/bin/bash'
STACK_CACHE_DEFAULT_FAST='1'
STACK_CACHE_REGS='1'
TEXI2DVI='texi2dvi'
UPDATED='June 14, 2014'
ac_ct_CC='gcc'
ac_cv_c_bigendian='no'
ac_cv_sizeof_char='1'
ac_cv_sizeof_char_p='8'
ac_cv_sizeof_int128_t='0'
ac_cv_sizeof_int='4'
ac_cv_sizeof_intptr_t='8'
ac_cv_sizeof_long='8'
ac_cv_sizeof_long_long='8'
ac_cv_sizeof_short='2'
ac_cv_sizeof_uint128_t='0'
ac_cv_sizeof_void_p='8'
arm_cacheflush=''
asm_fs='arch/amd64/asm.fs'
asmcomment='"# "'
bindir='${exec_prefix}/bin'
build='x86_64-unknown-linux-gnu'
build_alias=''
build_cpu='x86_64'
build_libcc_named='build-libcc-named'
build_os='linux-gnu'
build_vendor='unknown'
condbranch_opt='1'
datadir='${datarootdir}'
datarootdir='${prefix}/share'
disasm_fs='arch/amd64/disasm.fs'
docdir='${datarootdir}/doc/${PACKAGE_TARNAME}'
dvidir='${docdir}'
engine2='engine2$(OPT).o'
engine_fast2='engine-fast2$(OPT).o'
exec_prefix='${prefix}'
host='x86_64-unknown-linux-gnu'
host_alias=''
host_cpu='x86_64'
host_os='linux-gnu'
host_vendor='unknown'
htmldir='${docdir}'
image_i=''
include_fi='kernl64l.fi'
includedir='${prefix}/include'
infodir='${datarootdir}/info'
kernel_anti_dependence=''
kernel_fi='kernl64l.fi'
libdir='${exec_prefix}/lib'
libexecdir='${exec_prefix}/libexec'
lispdir='${datadir}/emacs/site-lisp'
localedir='${datarootdir}/locale'
localstatedir='${prefix}/var'
machine='amd64'
mandir='${datarootdir}/man'
no_dynamic=''
no_dynamic_default='1'
oldincludedir='/usr/include'
pdfdir='${docdir}'
prefix='/usr/local'
program_transform_name='s,x,x,'
psdir='${docdir}'
runstatedir='${localstatedir}/run'
sbindir='${exec_prefix}/sbin'
sharedstatedir='${prefix}/com'
signals_o='io.o signals.o'
skipcode='no'
sysconfdir='${prefix}/etc'
target_alias=''

## ----------- ##
## confdefs.h. ##
## ----------- ##

/* confdefs.h */
#define PACKAGE_NAME "gforth"
#define PACKAGE_TARNAME "gforth"
#define PACKAGE_VERSION "0.7.3"
#define PACKAGE_STRING "gforth 0.7.3"
#define PACKAGE_BUGREPORT "https://savannah.gnu.org/bugs/?func=addbug&group=gforth"
#define PACKAGE_URL ""
#define STDC_HEADERS 1
#define HAVE_SYS_TYPES_H 1
#define HAVE_SYS_STAT_H 1
#define HAVE_STDLIB_H 1
#define HAVE_STRING_H 1
#define HAVE_MEMORY_H 1
#define HAVE_STRINGS_H 1
#define HAVE_INTTYPES_H 1
#define HAVE_STDINT_H 1
#define HAVE_UNISTD_H 1
#define __EXTENSIONS__ 1
#define _ALL_SOURCE 1
#define _GNU_SOURCE 1
#define _POSIX_PTHREAD_SEMANTICS 1
#define _TANDEM_SOURCE 1
#define STACK_CACHE_REGS 1
#define STACK_CACHE_DEFAULT_FAST 1
#define SIZEOF_CHAR_P 8
#define SIZEOF_VOID_P 8
#define SIZEOF_CHAR 1
#define SIZEOF_SHORT 2
#define SIZEOF_INT 4
#define SIZEOF_LONG 8
#define SIZEOF_LONG_LONG 8
#define SIZEOF_INTPTR_T 8
#define SIZEOF_INT128_T 0
#define SIZEOF_UINT128_T 0
#define CELL_TYPE long
#define WYDE_TYPE short
#define TETRABYTE_TYPE int
#define SIZEOF_OFF_T 8
#define SMALL_OFF_T 1
#define MAYBE_UNUSED __attribute__((unused))
#define DIRSEP '/'
#define PATHSEP ':'
#define DEFAULTSYSTEMPREFIX ""
#define LTDL_LIBRARY_PATH "/lib/x86_64-linux-gnu:/usr/lib/x86_64-linux-gnu/libfakeroot"
#define SKIP16 ((void)0)
#define ASMCOMMENT "# "
#define NO_DYNAMIC_DEFAULT 1
#define HAVE_LIBM 1
#define HAVE_LIBLTDL 1
#define HAVE_LIBFFI 1
#define HAVE_MEMMOVE 1
#define HAVE_STRTOUL 1
#define HAVE_STRERROR 1
#define HAVE_STRSIGNAL 1
#define HAVE_ATANH 1
#define HAVE_FSEEKO 1
#define HAVE_FTELLO 1
#define HAVE_SYS_SIGLIST 1
#define HAVE_GETRUSAGE 1
#define HAVE_NANOSLEEP 1
#define HAVE_STACK_T 1
#define HAVE_DECL_SYS_SIGLIST 1
#define HAVE_EXPM1 1
#define HAVE_LOG1P 1
#define HAVE_RINT 1
#define HAVE_ECVT 1
#define HAVE_SYS_MMAN_H 1
#define HAVE_FNMATCH_H 1
#define HAVE_ALLOCA_H 1
#define HAVE_WCHAR_H 1
#define HAVE_FNMATCH 1
#define HAVE_MMAP 1
#define HAVE_SYSCONF 1
#define HAVE_GETPAGESIZE 1
#define HAVE_WCWIDTH 1

configure: exit 0

## ---------------------- ##
## Running config.status. ##
## ---------------------- ##

This file was extended by gforth config.status 0.7.3, which was
generated by GNU Autoconf 2.69.  Invocation command line was

  CONFIG_FILES    = stamp-h
  CONFIG_HEADERS  = engine/config.h
  CONFIG_LINKS    = 
  CONFIG_COMMANDS = 
  $ ./config.status 

on project-97aafba4-8095-465a-81a1-a63d0feb01d4

config.status:959: creating stamp-h
config.status:959: creating engine/config.h
config.status:1134: engine/config.h is unchanged
config.status:1148: executing stamp-h commands
